<?xml version="1.0" encoding="UTF-8"?>
<coverage generated="1640630453265" clover="3.2.0">
  <project timestamp="1640630453266" name="All files">
    <metrics statements="95" coveredstatements="95" conditionals="40" coveredconditionals="39" methods="10" coveredmethods="10" elements="145" coveredelements="144" complexity="0" loc="95" ncloc="95" packages="1" files="1" classes="1"/>
    <file name="figures.js" path="D:\CoursesDevEducation\HomeWorks\HomeWorkFirstMonth\02_Stars\figures.js">
      <metrics statements="95" coveredstatements="95" conditionals="40" coveredconditionals="39" methods="10" coveredmethods="10"/>
      <line num="2" count="2" type="stmt"/>
      <line num="4" count="2" type="stmt"/>
      <line num="5" count="14" type="stmt"/>
      <line num="6" count="98" type="stmt"/>
      <line num="8" count="14" type="stmt"/>
      <line num="10" count="2" type="stmt"/>
      <line num="13" count="1" type="stmt"/>
      <line num="16" count="2" type="stmt"/>
      <line num="18" count="2" type="stmt"/>
      <line num="19" count="14" type="stmt"/>
      <line num="20" count="14" type="stmt"/>
      <line num="21" count="70" type="cond" truecount="4" falsecount="0"/>
      <line num="22" count="50" type="stmt"/>
      <line num="23" count="20" type="stmt"/>
      <line num="25" count="14" type="stmt"/>
      <line num="27" count="2" type="stmt"/>
      <line num="30" count="1" type="stmt"/>
      <line num="33" count="2" type="stmt"/>
      <line num="35" count="2" type="stmt"/>
      <line num="36" count="14" type="stmt"/>
      <line num="37" count="14" type="stmt"/>
      <line num="38" count="84" type="cond" truecount="4" falsecount="0"/>
      <line num="39" count="22" type="stmt"/>
      <line num="40" count="62" type="stmt"/>
      <line num="42" count="14" type="stmt"/>
      <line num="44" count="2" type="stmt"/>
      <line num="47" count="1" type="stmt"/>
      <line num="50" count="1" type="stmt"/>
      <line num="52" count="1" type="stmt"/>
      <line num="53" count="7" type="stmt"/>
      <line num="54" count="7" type="stmt"/>
      <line num="55" count="42" type="cond" truecount="4" falsecount="0"/>
      <line num="56" count="11" type="stmt"/>
      <line num="57" count="31" type="stmt"/>
      <line num="59" count="7" type="stmt"/>
      <line num="61" count="1" type="stmt"/>
      <line num="64" count="1" type="stmt"/>
      <line num="67" count="1" type="stmt"/>
      <line num="69" count="1" type="stmt"/>
      <line num="70" count="7" type="stmt"/>
      <line num="71" count="7" type="stmt"/>
      <line num="72" count="42" type="cond" truecount="4" falsecount="0"/>
      <line num="73" count="11" type="stmt"/>
      <line num="74" count="31" type="stmt"/>
      <line num="76" count="7" type="stmt"/>
      <line num="78" count="1" type="stmt"/>
      <line num="81" count="1" type="stmt"/>
      <line num="84" count="1" type="stmt"/>
      <line num="86" count="1" type="stmt"/>
      <line num="87" count="7" type="stmt"/>
      <line num="88" count="7" type="stmt"/>
      <line num="89" count="42" type="cond" truecount="4" falsecount="0"/>
      <line num="90" count="11" type="stmt"/>
      <line num="91" count="31" type="stmt"/>
      <line num="93" count="7" type="stmt"/>
      <line num="95" count="1" type="stmt"/>
      <line num="98" count="1" type="stmt"/>
      <line num="101" count="1" type="stmt"/>
      <line num="103" count="1" type="stmt"/>
      <line num="104" count="7" type="stmt"/>
      <line num="105" count="7" type="stmt"/>
      <line num="106" count="49" type="cond" truecount="4" falsecount="0"/>
      <line num="107" count="13" type="stmt"/>
      <line num="108" count="36" type="stmt"/>
      <line num="110" count="7" type="stmt"/>
      <line num="112" count="1" type="stmt"/>
      <line num="115" count="1" type="stmt"/>
      <line num="118" count="1" type="stmt"/>
      <line num="120" count="1" type="stmt"/>
      <line num="121" count="7" type="stmt"/>
      <line num="122" count="7" type="stmt"/>
      <line num="123" count="49" type="cond" truecount="2" falsecount="0"/>
      <line num="124" count="28" type="cond" truecount="5" falsecount="0"/>
      <line num="125" count="12" type="stmt"/>
      <line num="126" count="16" type="stmt"/>
      <line num="129" count="7" type="stmt"/>
      <line num="131" count="1" type="stmt"/>
      <line num="134" count="1" type="stmt"/>
      <line num="137" count="1" type="stmt"/>
      <line num="139" count="1" type="stmt"/>
      <line num="140" count="7" type="stmt"/>
      <line num="141" count="7" type="stmt"/>
      <line num="142" count="49" type="cond" truecount="2" falsecount="0"/>
      <line num="143" count="28" type="cond" truecount="5" falsecount="0"/>
      <line num="144" count="12" type="stmt"/>
      <line num="145" count="16" type="stmt"/>
      <line num="148" count="7" type="stmt"/>
      <line num="150" count="1" type="stmt"/>
      <line num="153" count="1" type="stmt"/>
      <line num="156" count="1" type="stmt"/>
      <line num="157" count="1" type="cond" truecount="1" falsecount="1"/>
      <line num="158" count="1" type="stmt"/>
      <line num="166" count="1" type="stmt"/>
      <line num="169" count="1" type="stmt"/>
      <line num="172" count="1" type="stmt"/>
    </file>
  </project>
</coverage>
