{"D:\\CoursesDevEducation\\HomeWorks\\HomeWorkFirstMonth\\02_Stars\\figures.js": {"path":"D:\\CoursesDevEducation\\HomeWorks\\HomeWorkFirstMonth\\02_Stars\\figures.js","statementMap":{"0":{"start":{"line":2,"column":17},"end":{"line":2,"column":19}},"1":{"start":{"line":4,"column":4},"end":{"line":9,"column":5}},"2":{"start":{"line":4,"column":17},"end":{"line":4,"column":18}},"3":{"start":{"line":5,"column":8},"end":{"line":7,"column":9}},"4":{"start":{"line":5,"column":21},"end":{"line":5,"column":22}},"5":{"start":{"line":6,"column":12},"end":{"line":6,"column":27}},"6":{"start":{"line":8,"column":8},"end":{"line":8,"column":23}},"7":{"start":{"line":10,"column":4},"end":{"line":10,"column":18}},"8":{"start":{"line":13,"column":0},"end":{"line":13,"column":25}},"9":{"start":{"line":16,"column":16},"end":{"line":16,"column":18}},"10":{"start":{"line":18,"column":3},"end":{"line":26,"column":4}},"11":{"start":{"line":18,"column":16},"end":{"line":18,"column":17}},"12":{"start":{"line":19,"column":7},"end":{"line":19,"column":23}},"13":{"start":{"line":20,"column":7},"end":{"line":24,"column":8}},"14":{"start":{"line":20,"column":20},"end":{"line":20,"column":21}},"15":{"start":{"line":21,"column":11},"end":{"line":23,"column":34}},"16":{"start":{"line":22,"column":15},"end":{"line":22,"column":31}},"17":{"start":{"line":23,"column":18},"end":{"line":23,"column":34}},"18":{"start":{"line":25,"column":7},"end":{"line":25,"column":24}},"19":{"start":{"line":27,"column":3},"end":{"line":27,"column":17}},"20":{"start":{"line":30,"column":0},"end":{"line":30,"column":25}},"21":{"start":{"line":33,"column":17},"end":{"line":33,"column":19}},"22":{"start":{"line":35,"column":4},"end":{"line":43,"column":5}},"23":{"start":{"line":35,"column":17},"end":{"line":35,"column":18}},"24":{"start":{"line":36,"column":8},"end":{"line":36,"column":24}},"25":{"start":{"line":37,"column":8},"end":{"line":41,"column":9}},"26":{"start":{"line":37,"column":21},"end":{"line":37,"column":22}},"27":{"start":{"line":38,"column":12},"end":{"line":40,"column":35}},"28":{"start":{"line":39,"column":16},"end":{"line":39,"column":32}},"29":{"start":{"line":40,"column":19},"end":{"line":40,"column":35}},"30":{"start":{"line":42,"column":8},"end":{"line":42,"column":24}},"31":{"start":{"line":44,"column":4},"end":{"line":44,"column":18}},"32":{"start":{"line":47,"column":0},"end":{"line":47,"column":27}},"33":{"start":{"line":50,"column":17},"end":{"line":50,"column":19}},"34":{"start":{"line":52,"column":4},"end":{"line":60,"column":5}},"35":{"start":{"line":52,"column":17},"end":{"line":52,"column":18}},"36":{"start":{"line":53,"column":8},"end":{"line":53,"column":24}},"37":{"start":{"line":54,"column":8},"end":{"line":58,"column":9}},"38":{"start":{"line":54,"column":21},"end":{"line":54,"column":22}},"39":{"start":{"line":55,"column":12},"end":{"line":57,"column":35}},"40":{"start":{"line":56,"column":16},"end":{"line":56,"column":32}},"41":{"start":{"line":57,"column":19},"end":{"line":57,"column":35}},"42":{"start":{"line":59,"column":8},"end":{"line":59,"column":23}},"43":{"start":{"line":61,"column":4},"end":{"line":61,"column":18}},"44":{"start":{"line":64,"column":0},"end":{"line":64,"column":26}},"45":{"start":{"line":67,"column":17},"end":{"line":67,"column":19}},"46":{"start":{"line":69,"column":4},"end":{"line":77,"column":5}},"47":{"start":{"line":69,"column":17},"end":{"line":69,"column":18}},"48":{"start":{"line":70,"column":8},"end":{"line":70,"column":23}},"49":{"start":{"line":71,"column":8},"end":{"line":75,"column":9}},"50":{"start":{"line":71,"column":21},"end":{"line":71,"column":22}},"51":{"start":{"line":72,"column":12},"end":{"line":74,"column":35}},"52":{"start":{"line":73,"column":16},"end":{"line":73,"column":32}},"53":{"start":{"line":74,"column":19},"end":{"line":74,"column":35}},"54":{"start":{"line":76,"column":8},"end":{"line":76,"column":24}},"55":{"start":{"line":78,"column":4},"end":{"line":78,"column":18}},"56":{"start":{"line":81,"column":0},"end":{"line":81,"column":26}},"57":{"start":{"line":84,"column":17},"end":{"line":84,"column":19}},"58":{"start":{"line":86,"column":4},"end":{"line":94,"column":5}},"59":{"start":{"line":86,"column":17},"end":{"line":86,"column":18}},"60":{"start":{"line":87,"column":8},"end":{"line":87,"column":24}},"61":{"start":{"line":88,"column":8},"end":{"line":92,"column":9}},"62":{"start":{"line":88,"column":21},"end":{"line":88,"column":22}},"63":{"start":{"line":89,"column":12},"end":{"line":91,"column":35}},"64":{"start":{"line":90,"column":16},"end":{"line":90,"column":32}},"65":{"start":{"line":91,"column":19},"end":{"line":91,"column":35}},"66":{"start":{"line":93,"column":8},"end":{"line":93,"column":25}},"67":{"start":{"line":95,"column":4},"end":{"line":95,"column":18}},"68":{"start":{"line":98,"column":1},"end":{"line":98,"column":26}},"69":{"start":{"line":101,"column":17},"end":{"line":101,"column":19}},"70":{"start":{"line":103,"column":4},"end":{"line":111,"column":5}},"71":{"start":{"line":103,"column":17},"end":{"line":103,"column":18}},"72":{"start":{"line":104,"column":8},"end":{"line":104,"column":23}},"73":{"start":{"line":105,"column":8},"end":{"line":109,"column":9}},"74":{"start":{"line":105,"column":21},"end":{"line":105,"column":22}},"75":{"start":{"line":106,"column":12},"end":{"line":108,"column":35}},"76":{"start":{"line":107,"column":16},"end":{"line":107,"column":32}},"77":{"start":{"line":108,"column":19},"end":{"line":108,"column":35}},"78":{"start":{"line":110,"column":8},"end":{"line":110,"column":22}},"79":{"start":{"line":112,"column":4},"end":{"line":112,"column":18}},"80":{"start":{"line":115,"column":0},"end":{"line":115,"column":27}},"81":{"start":{"line":118,"column":17},"end":{"line":118,"column":19}},"82":{"start":{"line":120,"column":4},"end":{"line":130,"column":5}},"83":{"start":{"line":120,"column":17},"end":{"line":120,"column":18}},"84":{"start":{"line":121,"column":8},"end":{"line":121,"column":23}},"85":{"start":{"line":122,"column":8},"end":{"line":128,"column":9}},"86":{"start":{"line":122,"column":21},"end":{"line":122,"column":22}},"87":{"start":{"line":123,"column":12},"end":{"line":127,"column":11}},"88":{"start":{"line":124,"column":13},"end":{"line":126,"column":35}},"89":{"start":{"line":125,"column":16},"end":{"line":125,"column":32}},"90":{"start":{"line":126,"column":19},"end":{"line":126,"column":35}},"91":{"start":{"line":129,"column":8},"end":{"line":129,"column":24}},"92":{"start":{"line":131,"column":4},"end":{"line":131,"column":18}},"93":{"start":{"line":134,"column":0},"end":{"line":134,"column":27}},"94":{"start":{"line":137,"column":17},"end":{"line":137,"column":19}},"95":{"start":{"line":139,"column":4},"end":{"line":149,"column":5}},"96":{"start":{"line":139,"column":17},"end":{"line":139,"column":18}},"97":{"start":{"line":140,"column":8},"end":{"line":140,"column":23}},"98":{"start":{"line":141,"column":8},"end":{"line":147,"column":9}},"99":{"start":{"line":141,"column":21},"end":{"line":141,"column":22}},"100":{"start":{"line":142,"column":12},"end":{"line":146,"column":13}},"101":{"start":{"line":143,"column":16},"end":{"line":145,"column":39}},"102":{"start":{"line":144,"column":20},"end":{"line":144,"column":36}},"103":{"start":{"line":145,"column":23},"end":{"line":145,"column":39}},"104":{"start":{"line":148,"column":8},"end":{"line":148,"column":24}},"105":{"start":{"line":150,"column":4},"end":{"line":150,"column":18}},"106":{"start":{"line":153,"column":0},"end":{"line":153,"column":26}},"107":{"start":{"line":156,"column":16},"end":{"line":156,"column":18}},"108":{"start":{"line":157,"column":4},"end":{"line":165,"column":5}},"109":{"start":{"line":158,"column":8},"end":{"line":164,"column":21}},"110":{"start":{"line":166,"column":4},"end":{"line":166,"column":17}},"111":{"start":{"line":169,"column":0},"end":{"line":169,"column":19}},"112":{"start":{"line":172,"column":0},"end":{"line":183,"column":1}}},"fnMap":{"0":{"name":"figureOne","decl":{"start":{"line":1,"column":9},"end":{"line":1,"column":18}},"loc":{"start":{"line":1,"column":22},"end":{"line":11,"column":1}},"line":1},"1":{"name":"figureTwo","decl":{"start":{"line":15,"column":9},"end":{"line":15,"column":18}},"loc":{"start":{"line":15,"column":22},"end":{"line":28,"column":1}},"line":15},"2":{"name":"figureThree","decl":{"start":{"line":32,"column":9},"end":{"line":32,"column":20}},"loc":{"start":{"line":32,"column":24},"end":{"line":45,"column":1}},"line":32},"3":{"name":"figureFour","decl":{"start":{"line":49,"column":9},"end":{"line":49,"column":19}},"loc":{"start":{"line":49,"column":23},"end":{"line":62,"column":1}},"line":49},"4":{"name":"figureFive","decl":{"start":{"line":66,"column":9},"end":{"line":66,"column":19}},"loc":{"start":{"line":66,"column":23},"end":{"line":79,"column":1}},"line":66},"5":{"name":"figureSix","decl":{"start":{"line":83,"column":9},"end":{"line":83,"column":18}},"loc":{"start":{"line":83,"column":22},"end":{"line":96,"column":1}},"line":83},"6":{"name":"figureSeven","decl":{"start":{"line":100,"column":9},"end":{"line":100,"column":20}},"loc":{"start":{"line":100,"column":24},"end":{"line":113,"column":1}},"line":100},"7":{"name":"figureEight","decl":{"start":{"line":117,"column":9},"end":{"line":117,"column":20}},"loc":{"start":{"line":117,"column":24},"end":{"line":132,"column":1}},"line":117},"8":{"name":"figureNine","decl":{"start":{"line":136,"column":9},"end":{"line":136,"column":19}},"loc":{"start":{"line":136,"column":23},"end":{"line":151,"column":1}},"line":136},"9":{"name":"kek","decl":{"start":{"line":155,"column":9},"end":{"line":155,"column":12}},"loc":{"start":{"line":155,"column":16},"end":{"line":167,"column":1}},"line":155}},"branchMap":{"0":{"loc":{"start":{"line":21,"column":11},"end":{"line":23,"column":34}},"type":"if","locations":[{"start":{"line":21,"column":11},"end":{"line":23,"column":34}},{"start":{"line":23,"column":18},"end":{"line":23,"column":34}}],"line":21},"1":{"loc":{"start":{"line":21,"column":15},"end":{"line":21,"column":37}},"type":"binary-expr","locations":[{"start":{"line":21,"column":15},"end":{"line":21,"column":26}},{"start":{"line":21,"column":30},"end":{"line":21,"column":37}}],"line":21},"2":{"loc":{"start":{"line":38,"column":12},"end":{"line":40,"column":35}},"type":"if","locations":[{"start":{"line":38,"column":12},"end":{"line":40,"column":35}},{"start":{"line":40,"column":19},"end":{"line":40,"column":35}}],"line":38},"3":{"loc":{"start":{"line":38,"column":16},"end":{"line":38,"column":42}},"type":"binary-expr","locations":[{"start":{"line":38,"column":16},"end":{"line":38,"column":23}},{"start":{"line":38,"column":27},"end":{"line":38,"column":42}}],"line":38},"4":{"loc":{"start":{"line":55,"column":12},"end":{"line":57,"column":35}},"type":"if","locations":[{"start":{"line":55,"column":12},"end":{"line":57,"column":35}},{"start":{"line":57,"column":19},"end":{"line":57,"column":35}}],"line":55},"5":{"loc":{"start":{"line":55,"column":16},"end":{"line":55,"column":42}},"type":"binary-expr","locations":[{"start":{"line":55,"column":16},"end":{"line":55,"column":27}},{"start":{"line":55,"column":31},"end":{"line":55,"column":42}}],"line":55},"6":{"loc":{"start":{"line":72,"column":12},"end":{"line":74,"column":35}},"type":"if","locations":[{"start":{"line":72,"column":12},"end":{"line":74,"column":35}},{"start":{"line":74,"column":19},"end":{"line":74,"column":35}}],"line":72},"7":{"loc":{"start":{"line":72,"column":16},"end":{"line":72,"column":48}},"type":"binary-expr","locations":[{"start":{"line":72,"column":16},"end":{"line":72,"column":27}},{"start":{"line":72,"column":31},"end":{"line":72,"column":48}}],"line":72},"8":{"loc":{"start":{"line":89,"column":12},"end":{"line":91,"column":35}},"type":"if","locations":[{"start":{"line":89,"column":12},"end":{"line":91,"column":35}},{"start":{"line":91,"column":19},"end":{"line":91,"column":35}}],"line":89},"9":{"loc":{"start":{"line":89,"column":16},"end":{"line":89,"column":34}},"type":"binary-expr","locations":[{"start":{"line":89,"column":16},"end":{"line":89,"column":23}},{"start":{"line":89,"column":27},"end":{"line":89,"column":34}}],"line":89},"10":{"loc":{"start":{"line":106,"column":12},"end":{"line":108,"column":35}},"type":"if","locations":[{"start":{"line":106,"column":12},"end":{"line":108,"column":35}},{"start":{"line":108,"column":19},"end":{"line":108,"column":35}}],"line":106},"11":{"loc":{"start":{"line":106,"column":16},"end":{"line":106,"column":42}},"type":"binary-expr","locations":[{"start":{"line":106,"column":16},"end":{"line":106,"column":23}},{"start":{"line":106,"column":27},"end":{"line":106,"column":42}}],"line":106},"12":{"loc":{"start":{"line":123,"column":12},"end":{"line":127,"column":11}},"type":"if","locations":[{"start":{"line":123,"column":12},"end":{"line":127,"column":11}},{"start":{},"end":{}}],"line":123},"13":{"loc":{"start":{"line":124,"column":13},"end":{"line":126,"column":35}},"type":"if","locations":[{"start":{"line":124,"column":13},"end":{"line":126,"column":35}},{"start":{"line":126,"column":19},"end":{"line":126,"column":35}}],"line":124},"14":{"loc":{"start":{"line":124,"column":17},"end":{"line":124,"column":54}},"type":"binary-expr","locations":[{"start":{"line":124,"column":17},"end":{"line":124,"column":24}},{"start":{"line":124,"column":28},"end":{"line":124,"column":35}},{"start":{"line":124,"column":39},"end":{"line":124,"column":54}}],"line":124},"15":{"loc":{"start":{"line":142,"column":12},"end":{"line":146,"column":13}},"type":"if","locations":[{"start":{"line":142,"column":12},"end":{"line":146,"column":13}},{"start":{},"end":{}}],"line":142},"16":{"loc":{"start":{"line":143,"column":16},"end":{"line":145,"column":39}},"type":"if","locations":[{"start":{"line":143,"column":16},"end":{"line":145,"column":39}},{"start":{"line":145,"column":23},"end":{"line":145,"column":39}}],"line":143},"17":{"loc":{"start":{"line":143,"column":20},"end":{"line":143,"column":61}},"type":"binary-expr","locations":[{"start":{"line":143,"column":20},"end":{"line":143,"column":31}},{"start":{"line":143,"column":35},"end":{"line":143,"column":42}},{"start":{"line":143,"column":46},"end":{"line":143,"column":61}}],"line":143},"18":{"loc":{"start":{"line":157,"column":4},"end":{"line":165,"column":5}},"type":"if","locations":[{"start":{"line":157,"column":4},"end":{"line":165,"column":5}},{"start":{},"end":{}}],"line":157}},"s":{"0":2,"1":2,"2":2,"3":14,"4":14,"5":98,"6":14,"7":2,"8":1,"9":2,"10":2,"11":2,"12":14,"13":14,"14":14,"15":70,"16":50,"17":20,"18":14,"19":2,"20":1,"21":2,"22":2,"23":2,"24":14,"25":14,"26":14,"27":84,"28":22,"29":62,"30":14,"31":2,"32":1,"33":1,"34":1,"35":1,"36":7,"37":7,"38":7,"39":42,"40":11,"41":31,"42":7,"43":1,"44":1,"45":1,"46":1,"47":1,"48":7,"49":7,"50":7,"51":42,"52":11,"53":31,"54":7,"55":1,"56":1,"57":1,"58":1,"59":1,"60":7,"61":7,"62":7,"63":42,"64":11,"65":31,"66":7,"67":1,"68":1,"69":1,"70":1,"71":1,"72":7,"73":7,"74":7,"75":49,"76":13,"77":36,"78":7,"79":1,"80":1,"81":1,"82":1,"83":1,"84":7,"85":7,"86":7,"87":49,"88":28,"89":12,"90":16,"91":7,"92":1,"93":1,"94":1,"95":1,"96":1,"97":7,"98":7,"99":7,"100":49,"101":28,"102":12,"103":16,"104":7,"105":1,"106":1,"107":1,"108":1,"109":1,"110":1,"111":1,"112":1},"f":{"0":2,"1":2,"2":2,"3":1,"4":1,"5":1,"6":1,"7":1,"8":1,"9":1},"b":{"0":[50,20],"1":[70,60],"2":[22,62],"3":[84,72],"4":[11,31],"5":[42,36],"6":[11,31],"7":[42,36],"8":[11,31],"9":[42,36],"10":[13,36],"11":[49,42],"12":[28,21],"13":[12,16],"14":[28,21,18],"15":[28,21],"16":[12,16],"17":[28,21,18],"18":[1,0]},"_coverageSchema":"1a1c01bbd47fc00a2c39e90264f33305004495a9","hash":"62434004043a106289ae8564c142a8c4eb9b284d"}
}
