TN:
SF:figures.js
FN:1,figureOne
FN:15,figureTwo
FN:32,figureThree
FN:49,figureFour
FN:66,figureFive
FN:83,figureSix
FN:100,figureSeven
FN:117,figureEight
FN:136,figureNine
FN:155,kek
FNF:10
FNH:10
FNDA:2,figureOne
FNDA:2,figureTwo
FNDA:2,figureThree
FNDA:1,figureFour
FNDA:1,figureFive
FNDA:1,figureSix
FNDA:1,figureSeven
FNDA:1,figureEight
FNDA:1,figureNine
FNDA:1,kek
DA:2,2
DA:4,2
DA:5,14
DA:6,98
DA:8,14
DA:10,2
DA:13,1
DA:16,2
DA:18,2
DA:19,14
DA:20,14
DA:21,70
DA:22,50
DA:23,20
DA:25,14
DA:27,2
DA:30,1
DA:33,2
DA:35,2
DA:36,14
DA:37,14
DA:38,84
DA:39,22
DA:40,62
DA:42,14
DA:44,2
DA:47,1
DA:50,1
DA:52,1
DA:53,7
DA:54,7
DA:55,42
DA:56,11
DA:57,31
DA:59,7
DA:61,1
DA:64,1
DA:67,1
DA:69,1
DA:70,7
DA:71,7
DA:72,42
DA:73,11
DA:74,31
DA:76,7
DA:78,1
DA:81,1
DA:84,1
DA:86,1
DA:87,7
DA:88,7
DA:89,42
DA:90,11
DA:91,31
DA:93,7
DA:95,1
DA:98,1
DA:101,1
DA:103,1
DA:104,7
DA:105,7
DA:106,49
DA:107,13
DA:108,36
DA:110,7
DA:112,1
DA:115,1
DA:118,1
DA:120,1
DA:121,7
DA:122,7
DA:123,49
DA:124,28
DA:125,12
DA:126,16
DA:129,7
DA:131,1
DA:134,1
DA:137,1
DA:139,1
DA:140,7
DA:141,7
DA:142,49
DA:143,28
DA:144,12
DA:145,16
DA:148,7
DA:150,1
DA:153,1
DA:156,1
DA:157,1
DA:158,1
DA:166,1
DA:169,1
DA:172,1
LF:95
LH:95
BRDA:21,0,0,50
BRDA:21,0,1,20
BRDA:21,1,0,70
BRDA:21,1,1,60
BRDA:38,2,0,22
BRDA:38,2,1,62
BRDA:38,3,0,84
BRDA:38,3,1,72
BRDA:55,4,0,11
BRDA:55,4,1,31
BRDA:55,5,0,42
BRDA:55,5,1,36
BRDA:72,6,0,11
BRDA:72,6,1,31
BRDA:72,7,0,42
BRDA:72,7,1,36
BRDA:89,8,0,11
BRDA:89,8,1,31
BRDA:89,9,0,42
BRDA:89,9,1,36
BRDA:106,10,0,13
BRDA:106,10,1,36
BRDA:106,11,0,49
BRDA:106,11,1,42
BRDA:123,12,0,28
BRDA:123,12,1,21
BRDA:124,13,0,12
BRDA:124,13,1,16
BRDA:124,14,0,28
BRDA:124,14,1,21
BRDA:124,14,2,18
BRDA:142,15,0,28
BRDA:142,15,1,21
BRDA:143,16,0,12
BRDA:143,16,1,16
BRDA:143,17,0,28
BRDA:143,17,1,21
BRDA:143,17,2,18
BRDA:157,18,0,1
BRDA:157,18,1,0
BRF:40
BRH:39
end_of_record
