<?xml version="1.0" encoding="UTF-8"?>
<coverage generated="1641327643159" clover="3.2.0">
  <project timestamp="1641327643159" name="All files">
    <metrics statements="54" coveredstatements="54" conditionals="17" coveredconditionals="17" methods="6" coveredmethods="6" elements="77" coveredelements="77" complexity="0" loc="54" ncloc="54" packages="1" files="1" classes="1"/>
    <file name="script.js" path="D:\CoursesDevEducation\HomeWorks\HomeWorkFirstMonth\06_Object\script.js">
      <metrics statements="54" coveredstatements="54" conditionals="17" coveredconditionals="17" methods="6" coveredmethods="6"/>
      <line num="8" count="5" type="stmt"/>
      <line num="9" count="5" type="stmt"/>
      <line num="11" count="5" type="stmt"/>
      <line num="13" count="5" type="stmt"/>
      <line num="16" count="1" type="stmt"/>
      <line num="17" count="1" type="stmt"/>
      <line num="18" count="1" type="stmt"/>
      <line num="25" count="4" type="stmt"/>
      <line num="26" count="4" type="stmt"/>
      <line num="27" count="4" type="stmt"/>
      <line num="29" count="4" type="stmt"/>
      <line num="30" count="37" type="cond" truecount="2" falsecount="0"/>
      <line num="31" count="17" type="stmt"/>
      <line num="32" count="20" type="stmt"/>
      <line num="34" count="4" type="cond" truecount="2" falsecount="0"/>
      <line num="35" count="2" type="stmt"/>
      <line num="36" count="2" type="stmt"/>
      <line num="38" count="4" type="stmt"/>
      <line num="40" count="1" type="stmt"/>
      <line num="41" count="1" type="stmt"/>
      <line num="51" count="4" type="stmt"/>
      <line num="52" count="4" type="stmt"/>
      <line num="53" count="16" type="cond" truecount="2" falsecount="0"/>
      <line num="54" count="12" type="cond" truecount="2" falsecount="0"/>
      <line num="55" count="6" type="stmt"/>
      <line num="59" count="4" type="stmt"/>
      <line num="62" count="1" type="stmt"/>
      <line num="72" count="1" type="stmt"/>
      <line num="73" count="1" type="stmt"/>
      <line num="80" count="5" type="stmt"/>
      <line num="81" count="5" type="stmt"/>
      <line num="82" count="39" type="cond" truecount="2" falsecount="0"/>
      <line num="86" count="34" type="cond" truecount="2" falsecount="0"/>
      <line num="89" count="5" type="stmt"/>
      <line num="92" count="1" type="stmt"/>
      <line num="93" count="1" type="stmt"/>
      <line num="94" count="1" type="stmt"/>
      <line num="104" count="7" type="stmt"/>
      <line num="105" count="7" type="stmt"/>
      <line num="106" count="33" type="stmt"/>
      <line num="108" count="7" type="stmt"/>
      <line num="112" count="40" type="stmt"/>
      <line num="113" count="40" type="stmt"/>
      <line num="115" count="40" type="cond" truecount="2" falsecount="0"/>
      <line num="116" count="3" type="stmt"/>
      <line num="118" count="37" type="stmt"/>
      <line num="119" count="109" type="stmt"/>
      <line num="122" count="37" type="stmt"/>
      <line num="125" count="1" type="stmt"/>
      <line num="126" count="1" type="stmt"/>
      <line num="127" count="1" type="stmt"/>
      <line num="128" count="1" type="stmt"/>
      <line num="129" count="1" type="stmt"/>
      <line num="131" count="1" type="stmt"/>
    </file>
  </project>
</coverage>
