{"D:\\CoursesDevEducation\\HomeWorks\\HomeWorkFirstMonth\\06_Object\\script.js": {"path":"D:\\CoursesDevEducation\\HomeWorks\\HomeWorkFirstMonth\\06_Object\\script.js","statementMap":{"0":{"start":{"line":8,"column":17},"end":{"line":8,"column":18}},"1":{"start":{"line":9,"column":19},"end":{"line":9,"column":20}},"2":{"start":{"line":11,"column":4},"end":{"line":11,"column":57}},"3":{"start":{"line":13,"column":4},"end":{"line":13,"column":18}},"4":{"start":{"line":16,"column":0},"end":{"line":16,"column":31}},"5":{"start":{"line":17,"column":0},"end":{"line":17,"column":31}},"6":{"start":{"line":18,"column":0},"end":{"line":18,"column":31}},"7":{"start":{"line":25,"column":17},"end":{"line":25,"column":18}},"8":{"start":{"line":26,"column":19},"end":{"line":26,"column":21}},"9":{"start":{"line":27,"column":20},"end":{"line":27,"column":22}},"10":{"start":{"line":29,"column":4},"end":{"line":33,"column":5}},"11":{"start":{"line":29,"column":17},"end":{"line":29,"column":18}},"12":{"start":{"line":30,"column":8},"end":{"line":32,"column":39}},"13":{"start":{"line":31,"column":12},"end":{"line":31,"column":37}},"14":{"start":{"line":32,"column":15},"end":{"line":32,"column":39}},"15":{"start":{"line":34,"column":4},"end":{"line":36,"column":33}},"16":{"start":{"line":35,"column":8},"end":{"line":35,"column":29}},"17":{"start":{"line":36,"column":11},"end":{"line":36,"column":33}},"18":{"start":{"line":38,"column":4},"end":{"line":38,"column":18}},"19":{"start":{"line":40,"column":0},"end":{"line":40,"column":74}},"20":{"start":{"line":41,"column":0},"end":{"line":41,"column":62}},"21":{"start":{"line":51,"column":17},"end":{"line":51,"column":19}},"22":{"start":{"line":52,"column":4},"end":{"line":58,"column":5}},"23":{"start":{"line":52,"column":17},"end":{"line":52,"column":18}},"24":{"start":{"line":53,"column":8},"end":{"line":57,"column":9}},"25":{"start":{"line":54,"column":12},"end":{"line":56,"column":13}},"26":{"start":{"line":55,"column":16},"end":{"line":55,"column":44}},"27":{"start":{"line":59,"column":4},"end":{"line":59,"column":18}},"28":{"start":{"line":62,"column":10},"end":{"line":70,"column":2}},"29":{"start":{"line":72,"column":0},"end":{"line":72,"column":34}},"30":{"start":{"line":73,"column":0},"end":{"line":73,"column":35}},"31":{"start":{"line":80,"column":14},"end":{"line":80,"column":16}},"32":{"start":{"line":81,"column":4},"end":{"line":88,"column":5}},"33":{"start":{"line":81,"column":17},"end":{"line":81,"column":18}},"34":{"start":{"line":82,"column":8},"end":{"line":87,"column":9}},"35":{"start":{"line":86,"column":12},"end":{"line":86,"column":69}},"36":{"start":{"line":89,"column":4},"end":{"line":89,"column":15}},"37":{"start":{"line":92,"column":0},"end":{"line":92,"column":39}},"38":{"start":{"line":93,"column":0},"end":{"line":93,"column":43}},"39":{"start":{"line":94,"column":0},"end":{"line":94,"column":40}},"40":{"start":{"line":104,"column":4},"end":{"line":104,"column":16}},"41":{"start":{"line":105,"column":4},"end":{"line":107,"column":5}},"42":{"start":{"line":106,"column":8},"end":{"line":106,"column":17}},"43":{"start":{"line":108,"column":4},"end":{"line":108,"column":18}},"44":{"start":{"line":112,"column":17},"end":{"line":112,"column":19}},"45":{"start":{"line":113,"column":12},"end":{"line":113,"column":26}},"46":{"start":{"line":115,"column":4},"end":{"line":117,"column":5}},"47":{"start":{"line":116,"column":8},"end":{"line":116,"column":20}},"48":{"start":{"line":118,"column":4},"end":{"line":120,"column":5}},"49":{"start":{"line":118,"column":17},"end":{"line":118,"column":29}},"50":{"start":{"line":119,"column":8},"end":{"line":119,"column":23}},"51":{"start":{"line":122,"column":4},"end":{"line":122,"column":24}},"52":{"start":{"line":125,"column":0},"end":{"line":125,"column":33}},"53":{"start":{"line":126,"column":0},"end":{"line":126,"column":34}},"54":{"start":{"line":127,"column":0},"end":{"line":127,"column":35}},"55":{"start":{"line":128,"column":0},"end":{"line":128,"column":35}},"56":{"start":{"line":129,"column":0},"end":{"line":129,"column":35}},"57":{"start":{"line":131,"column":0},"end":{"line":137,"column":1}}},"fnMap":{"0":{"name":"getCookingTime","decl":{"start":{"line":7,"column":9},"end":{"line":7,"column":23}},"loc":{"start":{"line":7,"column":36},"end":{"line":14,"column":1}},"line":7},"1":{"name":"getNumber","decl":{"start":{"line":24,"column":9},"end":{"line":24,"column":18}},"loc":{"start":{"line":24,"column":26},"end":{"line":39,"column":1}},"line":24},"2":{"name":"findTitle","decl":{"start":{"line":50,"column":9},"end":{"line":50,"column":18}},"loc":{"start":{"line":50,"column":34},"end":{"line":60,"column":1}},"line":50},"3":{"name":"countCharacters","decl":{"start":{"line":79,"column":9},"end":{"line":79,"column":24}},"loc":{"start":{"line":79,"column":33},"end":{"line":90,"column":1}},"line":79},"4":{"name":"getNextPalindrome","decl":{"start":{"line":103,"column":9},"end":{"line":103,"column":26}},"loc":{"start":{"line":103,"column":35},"end":{"line":109,"column":1}},"line":103},"5":{"name":"isPalindrome","decl":{"start":{"line":111,"column":9},"end":{"line":111,"column":21}},"loc":{"start":{"line":111,"column":27},"end":{"line":123,"column":1}},"line":111}},"branchMap":{"0":{"loc":{"start":{"line":30,"column":8},"end":{"line":32,"column":39}},"type":"if","locations":[{"start":{"line":30,"column":8},"end":{"line":32,"column":39}},{"start":{"line":32,"column":15},"end":{"line":32,"column":39}}],"line":30},"1":{"loc":{"start":{"line":34,"column":4},"end":{"line":36,"column":33}},"type":"if","locations":[{"start":{"line":34,"column":4},"end":{"line":36,"column":33}},{"start":{"line":36,"column":11},"end":{"line":36,"column":33}}],"line":34},"2":{"loc":{"start":{"line":53,"column":8},"end":{"line":57,"column":9}},"type":"if","locations":[{"start":{"line":53,"column":8},"end":{"line":57,"column":9}},{"start":{},"end":{}}],"line":53},"3":{"loc":{"start":{"line":54,"column":12},"end":{"line":56,"column":13}},"type":"if","locations":[{"start":{"line":54,"column":12},"end":{"line":56,"column":13}},{"start":{},"end":{}}],"line":54},"4":{"loc":{"start":{"line":82,"column":8},"end":{"line":87,"column":9}},"type":"if","locations":[{"start":{"line":82,"column":8},"end":{"line":87,"column":9}},{"start":{},"end":{}}],"line":82},"5":{"loc":{"start":{"line":83,"column":12},"end":{"line":84,"column":63}},"type":"binary-expr","locations":[{"start":{"line":83,"column":13},"end":{"line":83,"column":39}},{"start":{"line":83,"column":43},"end":{"line":83,"column":69}},{"start":{"line":84,"column":12},"end":{"line":84,"column":63}}],"line":83},"6":{"loc":{"start":{"line":86,"column":29},"end":{"line":86,"column":68}},"type":"cond-expr","locations":[{"start":{"line":86,"column":46},"end":{"line":86,"column":64}},{"start":{"line":86,"column":67},"end":{"line":86,"column":68}}],"line":86},"7":{"loc":{"start":{"line":115,"column":4},"end":{"line":117,"column":5}},"type":"if","locations":[{"start":{"line":115,"column":4},"end":{"line":117,"column":5}},{"start":{},"end":{}}],"line":115}},"s":{"0":5,"1":5,"2":5,"3":5,"4":1,"5":1,"6":1,"7":4,"8":4,"9":4,"10":4,"11":4,"12":37,"13":17,"14":20,"15":4,"16":2,"17":2,"18":4,"19":1,"20":1,"21":4,"22":4,"23":4,"24":16,"25":12,"26":6,"27":4,"28":1,"29":1,"30":1,"31":5,"32":5,"33":5,"34":39,"35":34,"36":5,"37":1,"38":1,"39":1,"40":7,"41":7,"42":33,"43":7,"44":40,"45":40,"46":40,"47":3,"48":37,"49":37,"50":109,"51":37,"52":1,"53":1,"54":1,"55":1,"56":1,"57":1},"f":{"0":5,"1":4,"2":4,"3":5,"4":7,"5":40},"b":{"0":[17,20],"1":[2,2],"2":[12,4],"3":[6,6],"4":[34,5],"5":[39,34,36],"6":[10,24],"7":[3,37]},"_coverageSchema":"1a1c01bbd47fc00a2c39e90264f33305004495a9","hash":"2899d6e7c2faad692121470dd7294ef39bfc0e8a"}
}
