TN:
SF:script.js
FN:7,getCookingTime
FN:24,getNumber
FN:50,findTitle
FN:79,countCharacters
FN:103,getNextPalindrome
FN:111,isPalindrome
FNF:6
FNH:6
FNDA:5,getCookingTime
FNDA:4,getNumber
FNDA:4,findTitle
FNDA:5,countCharacters
FNDA:7,getNextPalindrome
FNDA:40,isPalindrome
DA:8,5
DA:9,5
DA:11,5
DA:13,5
DA:16,1
DA:17,1
DA:18,1
DA:25,4
DA:26,4
DA:27,4
DA:29,4
DA:30,37
DA:31,17
DA:32,20
DA:34,4
DA:35,2
DA:36,2
DA:38,4
DA:40,1
DA:41,1
DA:51,4
DA:52,4
DA:53,16
DA:54,12
DA:55,6
DA:59,4
DA:62,1
DA:72,1
DA:73,1
DA:80,5
DA:81,5
DA:82,39
DA:86,34
DA:89,5
DA:92,1
DA:93,1
DA:94,1
DA:104,7
DA:105,7
DA:106,33
DA:108,7
DA:112,40
DA:113,40
DA:115,40
DA:116,3
DA:118,37
DA:119,109
DA:122,37
DA:125,1
DA:126,1
DA:127,1
DA:128,1
DA:129,1
DA:131,1
LF:54
LH:54
BRDA:30,0,0,17
BRDA:30,0,1,20
BRDA:34,1,0,2
BRDA:34,1,1,2
BRDA:53,2,0,12
BRDA:53,2,1,4
BRDA:54,3,0,6
BRDA:54,3,1,6
BRDA:82,4,0,34
BRDA:82,4,1,5
BRDA:83,5,0,39
BRDA:83,5,1,34
BRDA:83,5,2,36
BRDA:86,6,0,10
BRDA:86,6,1,24
BRDA:115,7,0,3
BRDA:115,7,1,37
BRF:17
BRH:17
end_of_record
